2014-11-19T10:23:29+01:00 DEBUG (7): redirecting to en
2014-11-19T10:23:29+01:00 INFO (6): Loading translations from DB with params locale: en,section: global,excludeGlobalSection: 
2014-11-19T10:23:30+01:00 NOTICE (5): exception 'Zend_Controller_Dispatcher_Exception' with message 'Invalid controller specified (css)' in /var/lib/Zend/Controller/Dispatcher/Standard.php:248
Stack trace:
#0 /var/lib/Zend/Controller/Front.php(954): Zend_Controller_Dispatcher_Standard->dispatch(Object(Zend_Controller_Request_Http), Object(Zend_Controller_Response_Http))
#1 /var/lib/Zend/Application/Bootstrap/Bootstrap.php(97): Zend_Controller_Front->dispatch()
#2 /var/lib/Zend/Application.php(366): Zend_Application_Bootstrap_Bootstrap->run()
#3 /var/www/GenesisCMS/genesis/public/index.php(68): Zend_Application->run()
#4 {main}

request_uri: /themes/horisen_2015/css/fonts.css
client ip: 127.0.0.1
2014-11-19T10:23:30+01:00 NOTICE (5): exception 'Zend_Controller_Dispatcher_Exception' with message 'Invalid controller specified (css)' in /var/lib/Zend/Controller/Dispatcher/Standard.php:248
Stack trace:
#0 /var/lib/Zend/Controller/Front.php(954): Zend_Controller_Dispatcher_Standard->dispatch(Object(Zend_Controller_Request_Http), Object(Zend_Controller_Response_Http))
#1 /var/lib/Zend/Application/Bootstrap/Bootstrap.php(97): Zend_Controller_Front->dispatch()
#2 /var/lib/Zend/Application.php(366): Zend_Application_Bootstrap_Bootstrap->run()
#3 /var/www/GenesisCMS/genesis/public/index.php(68): Zend_Application->run()
#4 {main}

request_uri: /themes/horisen_2015/css/style.css?v=2014-09-16
client ip: 127.0.0.1
2014-11-19T10:23:30+01:00 NOTICE (5): exception 'Zend_Controller_Dispatcher_Exception' with message 'Invalid controller specified (css)' in /var/lib/Zend/Controller/Dispatcher/Standard.php:248
Stack trace:
#0 /var/lib/Zend/Controller/Front.php(954): Zend_Controller_Dispatcher_Standard->dispatch(Object(Zend_Controller_Request_Http), Object(Zend_Controller_Response_Http))
#1 /var/lib/Zend/Application/Bootstrap/Bootstrap.php(97): Zend_Controller_Front->dispatch()
#2 /var/lib/Zend/Application.php(366): Zend_Application_Bootstrap_Bootstrap->run()
#3 /var/www/GenesisCMS/genesis/public/index.php(68): Zend_Application->run()
#4 {main}

request_uri: /themes/horisen_2015/css/bootstrap-grid.css
client ip: 127.0.0.1
2014-11-19T10:23:30+01:00 NOTICE (5): exception 'Zend_Controller_Dispatcher_Exception' with message 'Invalid controller specified (css)' in /var/lib/Zend/Controller/Dispatcher/Standard.php:248
Stack trace:
#0 /var/lib/Zend/Controller/Front.php(954): Zend_Controller_Dispatcher_Standard->dispatch(Object(Zend_Controller_Request_Http), Object(Zend_Controller_Response_Http))
#1 /var/lib/Zend/Application/Bootstrap/Bootstrap.php(97): Zend_Controller_Front->dispatch()
#2 /var/lib/Zend/Application.php(366): Zend_Application_Bootstrap_Bootstrap->run()
#3 /var/www/GenesisCMS/genesis/public/index.php(68): Zend_Application->run()
#4 {main}

request_uri: /themes/horisen_2015/css/bootstrap-form.css
client ip: 127.0.0.1
2014-11-19T10:23:30+01:00 NOTICE (5): exception 'Zend_Controller_Dispatcher_Exception' with message 'Invalid controller specified (css)' in /var/lib/Zend/Controller/Dispatcher/Standard.php:248
Stack trace:
#0 /var/lib/Zend/Controller/Front.php(954): Zend_Controller_Dispatcher_Standard->dispatch(Object(Zend_Controller_Request_Http), Object(Zend_Controller_Response_Http))
#1 /var/lib/Zend/Application/Bootstrap/Bootstrap.php(97): Zend_Controller_Front->dispatch()
#2 /var/lib/Zend/Application.php(366): Zend_Application_Bootstrap_Bootstrap->run()
#3 /var/www/GenesisCMS/genesis/public/index.php(68): Zend_Application->run()
#4 {main}

request_uri: /themes/horisen_2015/css/intro.css?v=2014-09-24
client ip: 127.0.0.1
2014-11-19T10:23:30+01:00 NOTICE (5): exception 'Zend_Controller_Dispatcher_Exception' with message 'Invalid controller specified (images)' in /var/lib/Zend/Controller/Dispatcher/Standard.php:248
Stack trace:
#0 /var/lib/Zend/Controller/Front.php(954): Zend_Controller_Dispatcher_Standard->dispatch(Object(Zend_Controller_Request_Http), Object(Zend_Controller_Response_Http))
#1 /var/lib/Zend/Application/Bootstrap/Bootstrap.php(97): Zend_Controller_Front->dispatch()
#2 /var/lib/Zend/Application.php(366): Zend_Application_Bootstrap_Bootstrap->run()
#3 /var/www/GenesisCMS/genesis/public/index.php(68): Zend_Application->run()
#4 {main}

request_uri: /themes/horisen_2015/images/favicon.ico
client ip: 127.0.0.1
2014-11-19T10:23:30+01:00 NOTICE (5): exception 'Zend_Controller_Dispatcher_Exception' with message 'Invalid controller specified (images)' in /var/lib/Zend/Controller/Dispatcher/Standard.php:248
Stack trace:
#0 /var/lib/Zend/Controller/Front.php(954): Zend_Controller_Dispatcher_Standard->dispatch(Object(Zend_Controller_Request_Http), Object(Zend_Controller_Response_Http))
#1 /var/lib/Zend/Application/Bootstrap/Bootstrap.php(97): Zend_Controller_Front->dispatch()
#2 /var/lib/Zend/Application.php(366): Zend_Application_Bootstrap_Bootstrap->run()
#3 /var/www/GenesisCMS/genesis/public/index.php(68): Zend_Application->run()
#4 {main}

request_uri: /themes/horisen_2015/images/favicon.ico
client ip: 127.0.0.1
2014-11-19T10:23:30+01:00 NOTICE (5): exception 'Zend_Controller_Dispatcher_Exception' with message 'Invalid controller specified (js)' in /var/lib/Zend/Controller/Dispatcher/Standard.php:248
Stack trace:
#0 /var/lib/Zend/Controller/Front.php(954): Zend_Controller_Dispatcher_Standard->dispatch(Object(Zend_Controller_Request_Http), Object(Zend_Controller_Response_Http))
#1 /var/lib/Zend/Application/Bootstrap/Bootstrap.php(97): Zend_Controller_Front->dispatch()
#2 /var/lib/Zend/Application.php(366): Zend_Application_Bootstrap_Bootstrap->run()
#3 /var/www/GenesisCMS/genesis/public/index.php(68): Zend_Application->run()
#4 {main}

request_uri: /themes/horisen_2015/js/intro.js
client ip: 127.0.0.1
2014-11-19T10:23:30+01:00 NOTICE (5): exception 'Zend_Controller_Dispatcher_Exception' with message 'Invalid controller specified (images)' in /var/lib/Zend/Controller/Dispatcher/Standard.php:248
Stack trace:
#0 /var/lib/Zend/Controller/Front.php(954): Zend_Controller_Dispatcher_Standard->dispatch(Object(Zend_Controller_Request_Http), Object(Zend_Controller_Response_Http))
#1 /var/lib/Zend/Application/Bootstrap/Bootstrap.php(97): Zend_Controller_Front->dispatch()
#2 /var/lib/Zend/Application.php(366): Zend_Application_Bootstrap_Bootstrap->run()
#3 /var/www/GenesisCMS/genesis/public/index.php(68): Zend_Application->run()
#4 {main}

request_uri: /themes/horisen_2015/images/logo.png
client ip: 127.0.0.1
2014-11-19T10:24:57+01:00 INFO (6): Loading translations from DB with params locale: en,section: global,excludeGlobalSection: 
2014-11-19T10:25:08+01:00 INFO (6): Loading translations from DB with params locale: en,section: js,excludeGlobalSection: 1
2014-11-19T10:25:20+01:00 NOTICE (5): Missing 'Sliders' within locale 'en'
2014-11-19T10:25:20+01:00 NOTICE (5): Missing 'Sliders' within locale 'en'
2014-11-19T10:25:20+01:00 NOTICE (5): Translation DB: exception 'PDOException' with message 'SQLSTATE[23000]: Integrity constraint violation: 1062 Duplicate entry '2-global-Sliders' for key 'unique_trans'' in /var/lib/Zend/Db/Statement/Pdo.php:228
Stack trace:
#0 /var/lib/Zend/Db/Statement/Pdo.php(228): PDOStatement->execute(Array)
#1 /var/lib/Zend/Db/Statement.php(303): Zend_Db_Statement_Pdo->_execute(Array)
#2 /var/lib/Zend/Db/Adapter/Abstract.php(480): Zend_Db_Statement->execute(Array)
#3 /var/lib/Zend/Db/Adapter/Pdo/Abstract.php(238): Zend_Db_Adapter_Abstract->query('INSERT INTO `tr...', Array)
#4 /var/lib/Zend/Db/Adapter/Abstract.php(576): Zend_Db_Adapter_Pdo_Abstract->query('INSERT INTO `tr...', Array)
#5 /var/lib/Zend/Db/Table/Abstract.php(1076): Zend_Db_Adapter_Abstract->insert('translate', Array)
#6 /var/www/GenesisCMS/genesis/application/models/TranslateMapper.php(113): Zend_Db_Table_Abstract->insert(Array)
#7 /var/www/GenesisCMS/genesis/library/HCMS/Translate/Adapter/Db.php(145): Application_Model_TranslateMapper->addTranslation(Array, 'en')
#8 /var/lib/Zend/Translate/Adapter.php(784): HCMS_Translate_Adapter_Db->_log('Sliders', 'en')
#9 /var/www/GenesisCMS/genesis/library/HCMS/Translate/Adapter/Db.php(42): Zend_Translate_Adapter->translate('Sliders', NULL)
#10 /var/www/GenesisCMS/genesis/library/HCMS/View/Helper/Fbmenu.php(50): HCMS_Translate_Adapter_Db->translate('Sliders')
#11 /var/lib/Zend/View/Helper/Navigation/Menu.php(864): HCMS_View_Helper_Fbmenu->htmlify(Object(Zend_Navigation_Page_Mvc))
#12 /var/lib/Zend/View/Helper/Navigation/Menu.php(940): Zend_View_Helper_Navigation_Menu->_renderMenu(Object(Zend_Navigation), 'menu', '          ', '    ', 0, NULL, false, false, NULL, false, 'active', 'menu-parent', false)
#13 /var/www/GenesisCMS/genesis/application/modules/admin/layouts/admin.phtml(72): Zend_View_Helper_Navigation_Menu->renderMenu(NULL, Array)
#14 /var/lib/Zend/View.php(108): include('/var/www/Genesi...')
#15 /var/lib/Zend/View/Abstract.php(888): Zend_View->_run('/var/www/Genesi...')
#16 /var/lib/Zend/Layout.php(796): Zend_View_Abstract->render('admin.phtml')
#17 /var/lib/Zend/Layout/Controller/Plugin/Layout.php(143): Zend_Layout->render()
#18 /var/lib/Zend/Controller/Plugin/Broker.php(333): Zend_Layout_Controller_Plugin_Layout->postDispatch(Object(Zend_Controller_Request_Http))
#19 /var/lib/Zend/Controller/Front.php(965): Zend_Controller_Plugin_Broker->postDispatch(Object(Zend_Controller_Request_Http))
#20 /var/lib/Zend/Application/Bootstrap/Bootstrap.php(97): Zend_Controller_Front->dispatch()
#21 /var/lib/Zend/Application.php(366): Zend_Application_Bootstrap_Bootstrap->run()
#22 /var/www/GenesisCMS/genesis/public/index.php(68): Zend_Application->run()
#23 {main}

Next exception 'Zend_Db_Statement_Exception' with message 'SQLSTATE[23000]: Integrity constraint violation: 1062 Duplicate entry '2-global-Sliders' for key 'unique_trans'' in /var/lib/Zend/Db/Statement/Pdo.php:234
Stack trace:
#0 /var/lib/Zend/Db/Statement.php(303): Zend_Db_Statement_Pdo->_execute(Array)
#1 /var/lib/Zend/Db/Adapter/Abstract.php(480): Zend_Db_Statement->execute(Array)
#2 /var/lib/Zend/Db/Adapter/Pdo/Abstract.php(238): Zend_Db_Adapter_Abstract->query('INSERT INTO `tr...', Array)
#3 /var/lib/Zend/Db/Adapter/Abstract.php(576): Zend_Db_Adapter_Pdo_Abstract->query('INSERT INTO `tr...', Array)
#4 /var/lib/Zend/Db/Table/Abstract.php(1076): Zend_Db_Adapter_Abstract->insert('translate', Array)
#5 /var/www/GenesisCMS/genesis/application/models/TranslateMapper.php(113): Zend_Db_Table_Abstract->insert(Array)
#6 /var/www/GenesisCMS/genesis/library/HCMS/Translate/Adapter/Db.php(145): Application_Model_TranslateMapper->addTranslation(Array, 'en')
#7 /var/lib/Zend/Translate/Adapter.php(784): HCMS_Translate_Adapter_Db->_log('Sliders', 'en')
#8 /var/www/GenesisCMS/genesis/library/HCMS/Translate/Adapter/Db.php(42): Zend_Translate_Adapter->translate('Sliders', NULL)
#9 /var/www/GenesisCMS/genesis/library/HCMS/View/Helper/Fbmenu.php(50): HCMS_Translate_Adapter_Db->translate('Sliders')
#10 /var/lib/Zend/View/Helper/Navigation/Menu.php(864): HCMS_View_Helper_Fbmenu->htmlify(Object(Zend_Navigation_Page_Mvc))
#11 /var/lib/Zend/View/Helper/Navigation/Menu.php(940): Zend_View_Helper_Navigation_Menu->_renderMenu(Object(Zend_Navigation), 'menu', '          ', '    ', 0, NULL, false, false, NULL, false, 'active', 'menu-parent', false)
#12 /var/www/GenesisCMS/genesis/application/modules/admin/layouts/admin.phtml(72): Zend_View_Helper_Navigation_Menu->renderMenu(NULL, Array)
#13 /var/lib/Zend/View.php(108): include('/var/www/Genesi...')
#14 /var/lib/Zend/View/Abstract.php(888): Zend_View->_run('/var/www/Genesi...')
#15 /var/lib/Zend/Layout.php(796): Zend_View_Abstract->render('admin.phtml')
#16 /var/lib/Zend/Layout/Controller/Plugin/Layout.php(143): Zend_Layout->render()
#17 /var/lib/Zend/Controller/Plugin/Broker.php(333): Zend_Layout_Controller_Plugin_Layout->postDispatch(Object(Zend_Controller_Request_Http))
#18 /var/lib/Zend/Controller/Front.php(965): Zend_Controller_Plugin_Broker->postDispatch(Object(Zend_Controller_Request_Http))
#19 /var/lib/Zend/Application/Bootstrap/Bootstrap.php(97): Zend_Controller_Front->dispatch()
#20 /var/lib/Zend/Application.php(366): Zend_Application_Bootstrap_Bootstrap->run()
#21 /var/www/GenesisCMS/genesis/public/index.php(68): Zend_Application->run()
#22 {main}
2014-11-19T10:25:21+01:00 INFO (6): Loading translations from DB with params locale: en,section: global,excludeGlobalSection: 
2014-11-19T10:37:37+01:00 INFO (6): Loading translations from DB with params locale: en,section: js,excludeGlobalSection: 1
2014-11-19T10:40:06+01:00 NOTICE (5): Missing 'Backgrounds' within locale 'en'
2014-11-19T10:40:06+01:00 NOTICE (5): Missing 'Backgrounds' within locale 'en'
2014-11-19T10:40:06+01:00 NOTICE (5): Translation DB: exception 'PDOException' with message 'SQLSTATE[23000]: Integrity constraint violation: 1062 Duplicate entry '2-global-Backgrounds' for key 'unique_trans'' in /var/lib/Zend/Db/Statement/Pdo.php:228
Stack trace:
#0 /var/lib/Zend/Db/Statement/Pdo.php(228): PDOStatement->execute(Array)
#1 /var/lib/Zend/Db/Statement.php(303): Zend_Db_Statement_Pdo->_execute(Array)
#2 /var/lib/Zend/Db/Adapter/Abstract.php(480): Zend_Db_Statement->execute(Array)
#3 /var/lib/Zend/Db/Adapter/Pdo/Abstract.php(238): Zend_Db_Adapter_Abstract->query('INSERT INTO `tr...', Array)
#4 /var/lib/Zend/Db/Adapter/Abstract.php(576): Zend_Db_Adapter_Pdo_Abstract->query('INSERT INTO `tr...', Array)
#5 /var/lib/Zend/Db/Table/Abstract.php(1076): Zend_Db_Adapter_Abstract->insert('translate', Array)
#6 /var/www/GenesisCMS/genesis/application/models/TranslateMapper.php(113): Zend_Db_Table_Abstract->insert(Array)
#7 /var/www/GenesisCMS/genesis/library/HCMS/Translate/Adapter/Db.php(145): Application_Model_TranslateMapper->addTranslation(Array, 'en')
#8 /var/lib/Zend/Translate/Adapter.php(784): HCMS_Translate_Adapter_Db->_log('Backgrounds', 'en')
#9 /var/www/GenesisCMS/genesis/library/HCMS/Translate/Adapter/Db.php(42): Zend_Translate_Adapter->translate('Backgrounds', NULL)
#10 /var/www/GenesisCMS/genesis/library/HCMS/View/Helper/Fbmenu.php(50): HCMS_Translate_Adapter_Db->translate('Backgrounds')
#11 /var/lib/Zend/View/Helper/Navigation/Menu.php(864): HCMS_View_Helper_Fbmenu->htmlify(Object(Zend_Navigation_Page_Mvc))
#12 /var/lib/Zend/View/Helper/Navigation/Menu.php(940): Zend_View_Helper_Navigation_Menu->_renderMenu(Object(Zend_Navigation), 'menu', '          ', '    ', 0, NULL, false, false, NULL, false, 'active', 'menu-parent', false)
#13 /var/www/GenesisCMS/genesis/application/modules/admin/layouts/admin.phtml(72): Zend_View_Helper_Navigation_Menu->renderMenu(NULL, Array)
#14 /var/lib/Zend/View.php(108): include('/var/www/Genesi...')
#15 /var/lib/Zend/View/Abstract.php(888): Zend_View->_run('/var/www/Genesi...')
#16 /var/lib/Zend/Layout.php(796): Zend_View_Abstract->render('admin.phtml')
#17 /var/lib/Zend/Layout/Controller/Plugin/Layout.php(143): Zend_Layout->render()
#18 /var/lib/Zend/Controller/Plugin/Broker.php(333): Zend_Layout_Controller_Plugin_Layout->postDispatch(Object(Zend_Controller_Request_Http))
#19 /var/lib/Zend/Controller/Front.php(965): Zend_Controller_Plugin_Broker->postDispatch(Object(Zend_Controller_Request_Http))
#20 /var/lib/Zend/Application/Bootstrap/Bootstrap.php(97): Zend_Controller_Front->dispatch()
#21 /var/lib/Zend/Application.php(366): Zend_Application_Bootstrap_Bootstrap->run()
#22 /var/www/GenesisCMS/genesis/public/index.php(68): Zend_Application->run()
#23 {main}

Next exception 'Zend_Db_Statement_Exception' with message 'SQLSTATE[23000]: Integrity constraint violation: 1062 Duplicate entry '2-global-Backgrounds' for key 'unique_trans'' in /var/lib/Zend/Db/Statement/Pdo.php:234
Stack trace:
#0 /var/lib/Zend/Db/Statement.php(303): Zend_Db_Statement_Pdo->_execute(Array)
#1 /var/lib/Zend/Db/Adapter/Abstract.php(480): Zend_Db_Statement->execute(Array)
#2 /var/lib/Zend/Db/Adapter/Pdo/Abstract.php(238): Zend_Db_Adapter_Abstract->query('INSERT INTO `tr...', Array)
#3 /var/lib/Zend/Db/Adapter/Abstract.php(576): Zend_Db_Adapter_Pdo_Abstract->query('INSERT INTO `tr...', Array)
#4 /var/lib/Zend/Db/Table/Abstract.php(1076): Zend_Db_Adapter_Abstract->insert('translate', Array)
#5 /var/www/GenesisCMS/genesis/application/models/TranslateMapper.php(113): Zend_Db_Table_Abstract->insert(Array)
#6 /var/www/GenesisCMS/genesis/library/HCMS/Translate/Adapter/Db.php(145): Application_Model_TranslateMapper->addTranslation(Array, 'en')
#7 /var/lib/Zend/Translate/Adapter.php(784): HCMS_Translate_Adapter_Db->_log('Backgrounds', 'en')
#8 /var/www/GenesisCMS/genesis/library/HCMS/Translate/Adapter/Db.php(42): Zend_Translate_Adapter->translate('Backgrounds', NULL)
#9 /var/www/GenesisCMS/genesis/library/HCMS/View/Helper/Fbmenu.php(50): HCMS_Translate_Adapter_Db->translate('Backgrounds')
#10 /var/lib/Zend/View/Helper/Navigation/Menu.php(864): HCMS_View_Helper_Fbmenu->htmlify(Object(Zend_Navigation_Page_Mvc))
#11 /var/lib/Zend/View/Helper/Navigation/Menu.php(940): Zend_View_Helper_Navigation_Menu->_renderMenu(Object(Zend_Navigation), 'menu', '          ', '    ', 0, NULL, false, false, NULL, false, 'active', 'menu-parent', false)
#12 /var/www/GenesisCMS/genesis/application/modules/admin/layouts/admin.phtml(72): Zend_View_Helper_Navigation_Menu->renderMenu(NULL, Array)
#13 /var/lib/Zend/View.php(108): include('/var/www/Genesi...')
#14 /var/lib/Zend/View/Abstract.php(888): Zend_View->_run('/var/www/Genesi...')
#15 /var/lib/Zend/Layout.php(796): Zend_View_Abstract->render('admin.phtml')
#16 /var/lib/Zend/Layout/Controller/Plugin/Layout.php(143): Zend_Layout->render()
#17 /var/lib/Zend/Controller/Plugin/Broker.php(333): Zend_Layout_Controller_Plugin_Layout->postDispatch(Object(Zend_Controller_Request_Http))
#18 /var/lib/Zend/Controller/Front.php(965): Zend_Controller_Plugin_Broker->postDispatch(Object(Zend_Controller_Request_Http))
#19 /var/lib/Zend/Application/Bootstrap/Bootstrap.php(97): Zend_Controller_Front->dispatch()
#20 /var/lib/Zend/Application.php(366): Zend_Application_Bootstrap_Bootstrap->run()
#21 /var/www/GenesisCMS/genesis/public/index.php(68): Zend_Application->run()
#22 {main}
2014-11-19T10:40:06+01:00 INFO (6): Loading translations from DB with params locale: en,section: js,excludeGlobalSection: 1
2014-11-19T10:40:07+01:00 INFO (6): Loading translations from DB with params locale: en,section: global,excludeGlobalSection: 
2014-11-19T10:40:12+01:00 NOTICE (5): Missing 'Menu Items Background' within locale 'en'
2014-11-19T10:40:12+01:00 DEBUG (7): redirecting to en
2014-11-19T10:40:12+01:00 INFO (6): Loading translations from DB with params locale: en,section: global,excludeGlobalSection: 
2014-11-19T11:23:05+01:00 DEBUG (7): redirecting to en
2014-11-19T11:28:01+01:00 INFO (6): Loading translations from DB with params locale: en,section: js,excludeGlobalSection: 1
2014-11-19T11:28:02+01:00 DEBUG (7): redirecting to en
2014-11-19T11:28:04+01:00 NOTICE (5): Missing 'Add new Background' within locale 'en'
2014-11-19T11:28:04+01:00 NOTICE (5): Missing 'Load Bacground images' within locale 'en'
2014-11-19T11:28:04+01:00 NOTICE (5): Missing 'Upload ZIP package' within locale 'en'
2014-11-19T11:28:21+01:00 INFO (6): Loading translations from DB with params locale: en,section: global,excludeGlobalSection: 
2014-11-19T11:28:21+01:00 NOTICE (5): Missing 'Edit User' within locale 'en'
2014-11-19T11:28:21+01:00 NOTICE (5): Missing 'Change Password' within locale 'en'
2014-11-19T11:28:21+01:00 NOTICE (5): Missing 'Password confirmation' within locale 'en'
2014-11-19T11:28:21+01:00 NOTICE (5): Missing 'Select Role' within locale 'en'
2014-11-19T11:28:21+01:00 NOTICE (5): Missing 'Lang' within locale 'en'
2014-11-19T11:28:21+01:00 NOTICE (5): Missing 'Select Language' within locale 'en'
2014-11-19T11:28:26+01:00 DEBUG (7): redirecting to en
2014-11-19T11:28:27+01:00 INFO (6): Loading translations from DB with params locale: en,section: global,excludeGlobalSection: 
2014-11-19T11:30:17+01:00 INFO (6): Loading translations from DB with params locale: en,section: js,excludeGlobalSection: 1
2014-11-19T11:31:21+01:00 DEBUG (7): redirecting to en
2014-11-19T11:31:23+01:00 DEBUG (7): redirecting to en
2014-11-19T11:31:24+01:00 DEBUG (7): redirecting to en
2014-11-19T11:32:41+01:00 DEBUG (7): redirecting to en
2014-11-19T11:32:44+01:00 DEBUG (7): redirecting to en
2014-11-19T11:36:40+01:00 DEBUG (7): redirecting to en
2014-11-19T11:38:32+01:00 DEBUG (7): redirecting to en
2014-11-19T11:39:23+01:00 DEBUG (7): redirecting to en
2014-11-19T11:40:37+01:00 DEBUG (7): redirecting to en
2014-11-24T14:19:52+01:00 INFO (6): Loading translations from DB with params locale: en,section: global,excludeGlobalSection: 
2014-11-24T14:19:57+01:00 NOTICE (5): exception 'Zend_Controller_Dispatcher_Exception' with message 'Invalid controller specified (slider-main)' in /var/lib/Zend/Controller/Dispatcher/Standard.php:248
Stack trace:
#0 /var/lib/Zend/Controller/Front.php(954): Zend_Controller_Dispatcher_Standard->dispatch(Object(Zend_Controller_Request_Http), Object(Zend_Controller_Response_Http))
#1 /var/lib/Zend/Application/Bootstrap/Bootstrap.php(97): Zend_Controller_Front->dispatch()
#2 /var/lib/Zend/Application.php(366): Zend_Application_Bootstrap_Bootstrap->run()
#3 /var/www/GenesisCMS/genesis/public/index.php(68): Zend_Application->run()
#4 {main}

request_uri: /images/slider/slider-main/horisen3/horisen3_1366.jpg
client ip: 127.0.0.1
2014-11-24T14:19:57+01:00 NOTICE (5): exception 'Zend_Controller_Dispatcher_Exception' with message 'Invalid controller specified (slider-main)' in /var/lib/Zend/Controller/Dispatcher/Standard.php:248
Stack trace:
#0 /var/lib/Zend/Controller/Front.php(954): Zend_Controller_Dispatcher_Standard->dispatch(Object(Zend_Controller_Request_Http), Object(Zend_Controller_Response_Http))
#1 /var/lib/Zend/Application/Bootstrap/Bootstrap.php(97): Zend_Controller_Front->dispatch()
#2 /var/lib/Zend/Application.php(366): Zend_Application_Bootstrap_Bootstrap->run()
#3 /var/www/GenesisCMS/genesis/public/index.php(68): Zend_Application->run()
#4 {main}

request_uri: /images/slider/slider-main/horisen4/horisen4_1366.jpg
client ip: 127.0.0.1
